...found 10 targets...
...updating 4 targets...
common.mkdir bin.v2/libs/context/config/gcc-4.7
common.mkdir bin.v2/libs/context/config/gcc-4.7/debug
common.mkdir bin.v2/libs/context/config/gcc-4.7/debug/address-model-64
gcc.compile.c++ bin.v2/libs/context/config/gcc-4.7/debug/address-model-64/x86.o
...updated 4 targets...
...found 13 targets...
...updating 5 targets...
common.mkdir bin.v2/libs/regex/build/gcc-4.7
common.mkdir bin.v2/libs/regex/build/gcc-4.7/debug
common.mkdir bin.v2/libs/regex/build/gcc-4.7/debug/address-model-64
gcc.compile.c++ bin.v2/libs/regex/build/gcc-4.7/debug/address-model-64/has_icu_test.o
libs/regex/build/has_icu_test.cpp:12:30: 致命错误： unicode/uversion.h：没有那个文件或目录
编译中断。

    "g++"  -ftemplate-depth-128 -O0 -fno-inline -Wall -pedantic -g -fPIC -m64  -DBOOST_ALL_NO_LIB=1 -DBOOST_HAS_ICU=1  -I"." -c -o "bin.v2/libs/regex/build/gcc-4.7/debug/address-model-64/has_icu_test.o" "libs/regex/build/has_icu_test.cpp"

...failed gcc.compile.c++ bin.v2/libs/regex/build/gcc-4.7/debug/address-model-64/has_icu_test.o...
...skipped <pbin.v2/libs/regex/build/gcc-4.7/debug/address-model-64>has_icu for lack of <pbin.v2/libs/regex/build/gcc-4.7/debug/address-model-64>has_icu_test.o...
...failed updating 1 target...
...skipped 1 target...
...updated 3 targets...
...found 10 targets...
...updating 5 targets...
common.mkdir bin.v2/libs/locale/build/gcc-4.7
common.mkdir bin.v2/libs/locale/build/gcc-4.7/debug
common.mkdir bin.v2/libs/locale/build/gcc-4.7/debug/address-model-64
gcc.compile.c++ bin.v2/libs/locale/build/gcc-4.7/debug/address-model-64/has_iconv_libc_obj.o
gcc.link bin.v2/libs/locale/build/gcc-4.7/debug/address-model-64/has_iconv
...updated 5 targets...
...found 5 targets...
...updating 2 targets...
gcc.compile.c++ bin.v2/libs/locale/build/gcc-4.7/debug/address-model-64/has_icu_obj.o
libs/locale/src/../build/has_icu_test.cpp:12:30: 致命错误： unicode/uversion.h：没有那个文件或目录
编译中断。

    "g++"  -ftemplate-depth-128 -O0 -fno-inline -Wall -g -fPIC -m64  -DBOOST_ALL_NO_LIB=1  -I"." -c -o "bin.v2/libs/locale/build/gcc-4.7/debug/address-model-64/has_icu_obj.o" "libs/locale/src/../build/has_icu_test.cpp"

...failed gcc.compile.c++ bin.v2/libs/locale/build/gcc-4.7/debug/address-model-64/has_icu_obj.o...
...skipped <pbin.v2/libs/locale/build/gcc-4.7/debug/address-model-64>has_icu for lack of <pbin.v2/libs/locale/build/gcc-4.7/debug/address-model-64>has_icu_obj.o...
...failed updating 1 target...
...skipped 1 target...
...found 2 targets...
...updating 2 targets...
gcc.compile.c++ bin.v2/libs/locale/build/gcc-4.7/debug/address-model-64/has_icu64_obj.o
libs/locale/src/../build/has_icu_test.cpp:12:30: 致命错误： unicode/uversion.h：没有那个文件或目录
编译中断。

    "g++"  -ftemplate-depth-128 -O0 -fno-inline -Wall -g -fPIC -m64  -DBOOST_ALL_NO_LIB=1  -I"." -c -o "bin.v2/libs/locale/build/gcc-4.7/debug/address-model-64/has_icu64_obj.o" "libs/locale/src/../build/has_icu_test.cpp"

...failed gcc.compile.c++ bin.v2/libs/locale/build/gcc-4.7/debug/address-model-64/has_icu64_obj.o...
...skipped <pbin.v2/libs/locale/build/gcc-4.7/debug/address-model-64>has_icu64 for lack of <pbin.v2/libs/locale/build/gcc-4.7/debug/address-model-64>has_icu64_obj.o...
...failed updating 1 target...
...skipped 1 target...
...found 8 targets...
...updating 4 targets...
common.mkdir bin.v2/libs/math/config/gcc-4.7
common.mkdir bin.v2/libs/math/config/gcc-4.7/debug
common.mkdir bin.v2/libs/math/config/gcc-4.7/debug/address-model-64
gcc.compile.c++ bin.v2/libs/math/config/gcc-4.7/debug/address-model-64/has_gcc_visibility.o
...updated 4 targets...
...found 47 targets...
...updating 1 target...
gcc.compile.c++ bin.v2/libs/math/config/gcc-4.7/debug/address-model-64/has_long_double_support.o
...updated 1 target...
